<?xml version="1.0" encoding="UTF-8"?>
<testng-results skipped="0" failed="0" ignored="0" total="1" passed="1">
  <reporter-output>
  </reporter-output>
  <suite name="Default suite" duration-ms="119347" started-at="2021-12-30T01:10:58 IST" finished-at="2021-12-30T01:12:57 IST">
    <groups>
    </groups>
    <test name="Default test" duration-ms="119347" started-at="2021-12-30T01:10:58 IST" finished-at="2021-12-30T01:12:57 IST">
      <class name="Refi.NewTest">
        <test-method status="PASS" signature="beforeMethod()[pri:0, instance:Refi.NewTest@6b9651f3]" name="beforeMethod" duration-ms="119240" started-at="2021-12-30T01:10:58 IST" finished-at="2021-12-30T01:12:57 IST">
          <reporter-output>
          </reporter-output>
        </test-method> <!-- beforeMethod -->
      </class> <!-- Refi.NewTest -->
    </test> <!-- Default test -->
  </suite> <!-- Default suite -->
</testng-results>
